Connection established to port 12345
Message sent to port 12345: LIST
List operation started
Message received from port 12345: LIST
List operation successfully completed
Message sent to port 12345: STORE TestFile.txt 8
Store operation started for file TestFile.txt
Message received from port 12345: STORE_TO 12346 12347 12348
Controller replied to store TestFile.txt in these Dstores: 12346 12347 12348 
Connection established to port 12346
Message sent to port 12346: STORE TestFile.txt 8
Storing file TestFile.txt to Dstore 12346
Message received from port 12346: ACK
ACK received from Dstore 12346 to store file TestFile.txt
Store of file TestFile.txt to Dstore 12346 successfully completed
Connection established to port 12347
Message sent to port 12347: STORE TestFile.txt 8
Storing file TestFile.txt to Dstore 12347
Message received from port 12347: ACK
ACK received from Dstore 12347 to store file TestFile.txt
Store of file TestFile.txt to Dstore 12347 successfully completed
Connection established to port 12348
Message sent to port 12348: STORE TestFile.txt 8
Storing file TestFile.txt to Dstore 12348
Message received from port 12348: ACK
ACK received from Dstore 12348 to store file TestFile.txt
Store of file TestFile.txt to Dstore 12348 successfully completed
Message received from port 12345: STORE_COMPLETE
Store operation for file TestFile.txt completed
Message sent to port 12345: STORE TestFile.txt 8
Store operation started for file TestFile.txt
Message received from port 12345: ERROR_FILE_ALREADY_EXISTS
File to store TestFile.txt already exists in the data store
Message sent to port 12345: STORE TestFile2.txt 6
Store operation started for file TestFile2.txt
Message received from port 12345: STORE_TO 12346 12347 12348
Controller replied to store TestFile2.txt in these Dstores: 12346 12347 12348 
Connection established to port 12346
Message sent to port 12346: STORE TestFile2.txt 6
Storing file TestFile2.txt to Dstore 12346
Message received from port 12346: ACK
ACK received from Dstore 12346 to store file TestFile2.txt
Store of file TestFile2.txt to Dstore 12346 successfully completed
Connection established to port 12347
Message sent to port 12347: STORE TestFile2.txt 6
Storing file TestFile2.txt to Dstore 12347
Message received from port 12347: ACK
ACK received from Dstore 12347 to store file TestFile2.txt
Store of file TestFile2.txt to Dstore 12347 successfully completed
Connection established to port 12348
Message sent to port 12348: STORE TestFile2.txt 6
Storing file TestFile2.txt to Dstore 12348
Message received from port 12348: ACK
ACK received from Dstore 12348 to store file TestFile2.txt
Store of file TestFile2.txt to Dstore 12348 successfully completed
Message received from port 12345: STORE_COMPLETE
Store operation for file TestFile2.txt completed
Message sent to port 12345: LIST
List operation started
Message received from port 12345: LIST TestFile.txt TestFile2.txt
List operation successfully completed
Message sent to port 12345: LOAD TestFile.txt
Load operation for file TestFile.txt started
Message received from port 12345: LOAD_FROM 12347 8
Controller replied to load file TestFile.txt (size: 8 bytes) from Dstore 12347
Connection established to port 12347
Message sent to port 12347: LOAD_DATA TestFile.txt
Loading file TestFile.txt from Dstore 12347
Load operation of file TestFile.txt from Dstore 12347 successfully completed
Message sent to port 12345: LOAD TestFile2.txt
Load operation for file TestFile2.txt started
Message received from port 12345: LOAD_FROM 12347 6
Controller replied to load file TestFile2.txt (size: 6 bytes) from Dstore 12347
Connection established to port 12347
Message sent to port 12347: LOAD_DATA TestFile2.txt
Loading file TestFile2.txt from Dstore 12347
Load operation of file TestFile2.txt from Dstore 12347 successfully completed
Message sent to port 12345: REMOVE TestFile.txt
Remove operation for file TestFile.txt started
Message received from port 12345: REMOVE_COMPLETE
Remove operation for file TestFile.txt successfully completed
Message sent to port 12345: REMOVE TestFile2.txt
Remove operation for file TestFile2.txt started
Message received from port 12345: REMOVE_COMPLETE
Remove operation for file TestFile2.txt successfully completed
Message sent to port 12345: REMOVE TestFile.txt
Remove operation for file TestFile.txt started
Message received from port 12345: ERROR_FILE_DOES_NOT_EXIST
Remove operation failed because file does not exist (filename: TestFile.txt)
Message sent to port 12345: LIST
List operation started
Message received from port 12345: LIST
List operation successfully completed
Connection established to port 12345
Connection established to port 12345
Connection established to port 12345
Connection established to port 12345
Connection established to port 12345
Connection established to port 12345
Connection established to port 12345
Connection established to port 12345
Connection established to port 12345
Connection established to port 12345
Message sent to port 12345: STORE TestFile2.txt 6
Message sent to port 12345: STORE TestFile.txt 8
Message sent to port 12345: STORE TestFile2.txt 6
Message sent to port 12345: STORE TestFile2.txt 6
Message sent to port 12345: STORE TestFile2.txt 6
Message sent to port 12345: STORE TestFile.txt 8
Store operation started for file TestFile.txt
Store operation started for file TestFile2.txt
Store operation started for file TestFile2.txt
Store operation started for file TestFile2.txt
Message received from port 12345: STORE_TO 12346 12347 12348
Controller replied to store TestFile2.txt in these Dstores: 12346 12347 12348 
Connection established to port 12346
Message sent to port 12345: STORE TestFile.txt 8
Store operation started for file TestFile.txt
Store operation started for file TestFile2.txt
Message sent to port 12345: STORE TestFile2.txt 6
Store operation started for file TestFile.txt
Message received from port 12345: ERROR_FILE_ALREADY_EXISTS
Message sent to port 12345: STORE TestFile.txt 8
Message sent to port 12345: STORE TestFile.txt 8
Message sent to port 12346: STORE TestFile2.txt 6
Message received from port 12345: ERROR_FILE_ALREADY_EXISTS
Message received from port 12345: STORE_TO 12346 12347 12348
Message received from port 12345: ERROR_FILE_ALREADY_EXISTS
File to store TestFile.txt already exists in the data store
Storing file TestFile2.txt to Dstore 12346
Store operation started for file TestFile.txt
Message received from port 12345: ERROR_FILE_ALREADY_EXISTS
Message received from port 12345: ERROR_FILE_ALREADY_EXISTS
Message received from port 12346: ACK
Store operation started for file TestFile.txt
File to store TestFile2.txt already exists in the data store
ACK received from Dstore 12346 to store file TestFile2.txt
Store operation started for file TestFile2.txt
Message received from port 12345: ERROR_FILE_ALREADY_EXISTS
Store of file TestFile2.txt to Dstore 12346 successfully completed
File to store TestFile.txt already exists in the data store
File to store TestFile2.txt already exists in the data store
Message received from port 12345: ERROR_FILE_ALREADY_EXISTS
File to store TestFile2.txt already exists in the data store
Controller replied to store TestFile.txt in these Dstores: 12346 12347 12348 
File to store TestFile.txt already exists in the data store
File to store TestFile.txt already exists in the data store
Connection established to port 12347
Connection established to port 12346
Message received from port 12345: ERROR_FILE_ALREADY_EXISTS
Message sent to port 12346: STORE TestFile.txt 8
Storing file TestFile.txt to Dstore 12346
Message sent to port 12347: STORE TestFile2.txt 6
Storing file TestFile2.txt to Dstore 12347
Message received from port 12346: ACK
Message sent to port 12345: LIST
List operation started
File to store TestFile2.txt already exists in the data store
ACK received from Dstore 12346 to store file TestFile.txt
Message received from port 12347: ACK
Message received from port 12345: LIST
Store of file TestFile.txt to Dstore 12346 successfully completed
List operation successfully completed
ACK received from Dstore 12347 to store file TestFile2.txt
Message sent to port 12345: LIST
List operation started
Store of file TestFile2.txt to Dstore 12347 successfully completed
Connection established to port 12347
Message received from port 12345: LIST
List operation successfully completed
Connection established to port 12348
Message sent to port 12348: STORE TestFile2.txt 6
Storing file TestFile2.txt to Dstore 12348
Message sent to port 12347: STORE TestFile.txt 8
Storing file TestFile.txt to Dstore 12347
Message received from port 12347: ACK
Message sent to port 12345: LIST
ACK received from Dstore 12347 to store file TestFile.txt
List operation started
Store of file TestFile.txt to Dstore 12347 successfully completed
Message received from port 12348: ACK
Connection established to port 12348
Message received from port 12345: LIST
ACK received from Dstore 12348 to store file TestFile2.txt
Message sent to port 12348: STORE TestFile.txt 8
List operation successfully completed
Storing file TestFile.txt to Dstore 12348
Store of file TestFile2.txt to Dstore 12348 successfully completed
Message sent to port 12345: LIST
Message received from port 12348: ACK
Message sent to port 12345: LIST
List operation started
Message received from port 12345: STORE_COMPLETE
List operation started
Message received from port 12345: LIST TestFile2.txt
ACK received from Dstore 12348 to store file TestFile.txt
Message sent to port 12345: LIST
Store of file TestFile.txt to Dstore 12348 successfully completed
List operation successfully completed
Store operation for file TestFile2.txt completed
Message sent to port 12345: LIST
List operation started
Message received from port 12345: LIST TestFile2.txt
Message received from port 12345: LIST
List operation successfully completed
Message sent to port 12345: LIST
Message received from port 12345: STORE_COMPLETE
List operation started
Store operation for file TestFile.txt completed
List operation started
Message sent to port 12345: LIST
List operation successfully completed
Message sent to port 12345: LIST
List operation started
Message received from port 12345: LIST TestFile.txt TestFile2.txt
Message sent to port 12345: LIST
Message received from port 12345: LIST TestFile2.txt
List operation successfully completed
Message sent to port 12345: LIST
Message sent to port 12345: LIST
List operation started
Message received from port 12345: LIST TestFile.txt TestFile2.txt
Message sent to port 12345: LIST
List operation successfully completed
Message received from port 12345: LIST TestFile.txt TestFile2.txt
List operation started
List operation started
List operation successfully completed
List operation started
Message received from port 12345: LIST TestFile.txt TestFile2.txt
Message received from port 12345: LIST TestFile.txt TestFile2.txt
List operation successfully completed
List operation successfully completed
List operation started
List operation successfully completed
Message sent to port 12345: LIST
Message received from port 12345: LIST TestFile.txt TestFile2.txt
List operation started
Message sent to port 12345: LIST
Message sent to port 12345: LIST
Message sent to port 12345: LIST
List operation started
Message received from port 12345: LIST TestFile.txt TestFile2.txt
List operation started
Message sent to port 12345: LIST
List operation started
Message received from port 12345: LIST TestFile.txt TestFile2.txt
Message received from port 12345: LIST TestFile.txt TestFile2.txt
List operation successfully completed
List operation successfully completed
List operation successfully completed
List operation started
List operation successfully completed
Message received from port 12345: LIST TestFile.txt TestFile2.txt
Message received from port 12345: LIST TestFile.txt TestFile2.txt
Message received from port 12345: LIST TestFile.txt TestFile2.txt
List operation successfully completed
List operation successfully completed
List operation successfully completed
Message sent to port 12345: LIST
List operation started
Message received from port 12345: LIST TestFile.txt TestFile2.txt
List operation successfully completed
